<?xml version="1.0" encoding="UTF-8"?>
<beans xmlns="http://www.springframework.org/schema/beans"
       xmlns:xsi="http://www.w3.org/2001/XMLSchema-instance"
       xmlns:context="http://www.springframework.org/schema/context"
       xmlns:tx="http://www.springframework.org/schema/tx"
       xmlns:aop="http://www.springframework.org/schema/aop"
       xsi:schemaLocation="http://www.springframework.org/schema/beans
                           http://www.springframework.org/schema/beans/spring-beans.xsd
                           http://www.springframework.org/schema/mvc
                           http://www.springframework.org/schema/mvc/spring-mvc.xsd
                           http://www.springframework.org/schema/tx 
                           http://www.springframework.org/schema/tx/spring-tx-3.0.xsd
                           http://www.springframework.org/schema/context
                           http://www.springframework.org/schema/context/spring-context.xsd
       http://www.springframework.org/schema/aop http://www.springframework.org/schema/aop/spring-aop-3.2.xsd"> 

    <!-- <bean id="dvdLibraryDao"
          class="com.jorypestorious.dvdlibrarymvc3.dao.DVDLibraryDaoInMemImpl">
    </bean> -->
    
    <tx:annotation-driven />
     
<!--    <bean id="dataSource" class="org.springframework.jdbc.datasource.DriverManagerDataSource">
        <property name="driverClassName" value="com.mysql.jdbc.Driver"/>
        <property name="url"
                  value="jdbc:mysql://localhost:3306/DvdLibrary" />
        <property name="username" value="dvdlibrary" />
        <property name="password" value="dvd" />
    </bean>-->
    
<!--    
    
     BoneCP configuration 
    <bean id="dataSource" class="com.jolbox.bonecp.BoneCPDataSource" destroy-method="close">
        <property name="driverClass" value="com.mysql.jdbc.Driver" />
        <property name="jdbcUrl" value="jdbc:mysql://joryeugene:3306/DvdLibrary" />
        <property name="username" value="dvdlibrary"/>
        <property name="password" value="dvdlibrary"/>
        <property name="idleConnectionTestPeriod" value="60"/>
        <property name="idleMaxAge" value="240"/>
        <property name="maxConnectionsPerPartition" value="30"/>
        <property name="minConnectionsPerPartition" value="10"/>
        <property name="partitionCount" value="3"/>
        <property name="acquireIncrement" value="5"/>
        <property name="statementsCacheSize" value="100"/>
        <property name="releaseHelperThreads" value="3"/>
    </bean>
    -->
    <bean id="dataSource" class="com.mchange.v2.c3p0.ComboPooledDataSource" destroy-method="close">
        <property name="driverClass" value="com.mysql.jdbc.Driver"/>
        <property name="jdbcUrl" value="$jdbc:mysql://joryeugene:3306/DvdLibrary"/>
        <property name="username" value="dvdlibrary"/>
        <property name="password" value="dvdlibrary"/>
    </bean>

    <bean id="transactionManager"
          class="org.springframework.jdbc.datasource.DataSourceTransactionManager">
        <property name="dataSource" ref="dataSource" />
    </bean>

    <bean id="jdbcTemplate"
          class="org.springframework.jdbc.core.JdbcTemplate">
        <property name="dataSource" ref="dataSource" />
    </bean>

    <bean id="dvdLibraryDao"
          class="com.jorypestorious.dvdlibrarymvc3.dao.DVDLibraryDaoDbImpl">
        <property name="jdbcTemplate" ref="jdbcTemplate" />
    </bean> 
    
</beans>
